15:45:38: Creating resource group General
15:45:38: Creating resource group Internal
15:45:38: Creating resource group Autodetect
15:45:38: SceneManagerFactory for type 'DefaultSceneManager' registered.
15:45:38: Registering ResourceManager for type Material
15:45:38: Registering ResourceManager for type Mesh
15:45:38: Registering ResourceManager for type Skeleton
15:45:38: MovableObjectFactory for type 'ParticleSystem' registered.
15:45:38: OverlayElementFactory for type Panel registered.
15:45:38: OverlayElementFactory for type BorderPanel registered.
15:45:38: OverlayElementFactory for type TextArea registered.
15:45:38: Registering ResourceManager for type Font
15:45:38: ArchiveFactory for archive type FileSystem registered.
15:45:38: ArchiveFactory for archive type Zip registered.
15:45:38: DDS codec registering
15:45:38: FreeImage version: 3.13.1
15:45:38: This program uses FreeImage, a free, open source image library supporting all common bitmap formats. See http://freeimage.sourceforge.net for details
15:45:38: Supported formats: bmp,ico,jpg,jif,jpeg,jpe,jng,koa,iff,lbm,mng,pbm,pbm,pcd,pcx,pgm,pgm,png,ppm,ppm,ras,tga,targa,tif,tiff,wap,wbmp,wbm,psd,cut,xbm,xpm,gif,hdr,g3,sgi,exr,j2k,j2c,jp2,pfm,pct,pict,pic,bay,bmq,cr2,crw,cs1,dc2,dcr,dng,erf,fff,hdr,k25,kdc,mdc,mos,mrw,nef,orf,pef,pxn,raf,raw,rdc,sr2,srf,arw,3fr,cine,ia,kc2,mef,nrw,qtk,rw2,sti,drf,dsc,ptx,cap,iiq,rwz
15:45:38: Registering ResourceManager for type HighLevelGpuProgram
15:45:38: Registering ResourceManager for type Compositor
15:45:38: MovableObjectFactory for type 'Entity' registered.
15:45:38: MovableObjectFactory for type 'Light' registered.
15:45:38: MovableObjectFactory for type 'BillboardSet' registered.
15:45:38: MovableObjectFactory for type 'ManualObject' registered.
15:45:38: MovableObjectFactory for type 'BillboardChain' registered.
15:45:38: MovableObjectFactory for type 'RibbonTrail' registered.
15:45:38: Loading library .\RenderSystem_GL
15:45:38: Installing plugin: GL RenderSystem
15:45:38: OpenGL Rendering Subsystem created.
15:45:38: Plugin successfully installed
15:45:38: Loading library .\Plugin_ParticleFX
15:45:38: Installing plugin: ParticleFX
15:45:38: Particle Emitter Type 'Point' registered
15:45:38: Particle Emitter Type 'Box' registered
15:45:38: Particle Emitter Type 'Ellipsoid' registered
15:45:38: Particle Emitter Type 'Cylinder' registered
15:45:38: Particle Emitter Type 'Ring' registered
15:45:38: Particle Emitter Type 'HollowEllipsoid' registered
15:45:38: Particle Affector Type 'LinearForce' registered
15:45:38: Particle Affector Type 'ColourFader' registered
15:45:38: Particle Affector Type 'ColourFader2' registered
15:45:38: Particle Affector Type 'ColourImage' registered
15:45:38: Particle Affector Type 'ColourInterpolator' registered
15:45:38: Particle Affector Type 'Scaler' registered
15:45:38: Particle Affector Type 'Rotator' registered
15:45:38: Particle Affector Type 'DirectionRandomiser' registered
15:45:38: Particle Affector Type 'DeflectorPlane' registered
15:45:38: Plugin successfully installed
15:45:38: Loading library .\Plugin_BSPSceneManager
15:45:38: Installing plugin: BSP Scene Manager
15:45:38: Plugin successfully installed
15:45:38: Loading library .\Plugin_CgProgramManager
15:45:38: Installing plugin: Cg Program Manager
15:45:39: Plugin successfully installed
15:45:39: Loading library .\Plugin_PCZSceneManager
15:45:39: Installing plugin: Portal Connected Zone Scene Manager
15:45:39: PCZone Factory Type 'ZoneType_Default' registered
15:45:39: Plugin successfully installed
15:45:39: Loading library .\Plugin_OctreeZone
15:45:39: Installing plugin: Octree Zone Factory
15:45:39: Plugin successfully installed
15:45:39: Loading library .\Plugin_OctreeSceneManager
15:45:39: Installing plugin: Octree & Terrain Scene Manager
15:45:39: Plugin successfully installed
15:45:39: *-*-* OGRE Initialising
15:45:39: *-*-* Version 1.7.1 (Cthugha)
15:45:39: Creating resource group Essential
15:45:39: Added resource location '../../media/thumbnails' of type 'FileSystem' to resource group 'Essential'
15:45:39: Added resource location '../../media/packs/SdkTrays.zip' of type 'Zip' to resource group 'Essential'
15:45:39: Added resource location '../../media' of type 'FileSystem' to resource group 'General'
15:45:39: Creating resource group Popular
15:45:39: Added resource location '../../media/fonts' of type 'FileSystem' to resource group 'Popular'
15:45:39: Added resource location '../../media/materials/programs' of type 'FileSystem' to resource group 'Popular'
15:45:39: Added resource location '../../media/materials/scripts' of type 'FileSystem' to resource group 'Popular'
15:45:39: Added resource location '../../media/materials/textures' of type 'FileSystem' to resource group 'Popular'
15:45:39: Added resource location '../../media/materials/textures/nvidia' of type 'FileSystem' to resource group 'Popular'
15:45:39: Added resource location '../../media/models' of type 'FileSystem' to resource group 'Popular'
15:45:39: Added resource location '../../media/particle' of type 'FileSystem' to resource group 'Popular'
15:45:39: Added resource location '../../media/DeferredShadingMedia' of type 'FileSystem' to resource group 'Popular'
15:45:39: Added resource location '../../media/PCZAppMedia' of type 'FileSystem' to resource group 'Popular'
15:45:39: Added resource location '../../media/RTShaderLib' of type 'FileSystem' to resource group 'Popular'
15:45:39: Added resource location '../../media/RTShaderLib/materials' of type 'FileSystem' to resource group 'Popular'
15:45:39: Added resource location '../../media/packs/cubemap.zip' of type 'Zip' to resource group 'Popular'
15:45:39: Added resource location '../../media/packs/cubemapsJS.zip' of type 'Zip' to resource group 'Popular'
15:45:39: Added resource location '../../media/packs/dragon.zip' of type 'Zip' to resource group 'Popular'
15:45:39: Added resource location '../../media/packs/fresneldemo.zip' of type 'Zip' to resource group 'Popular'
15:45:39: Added resource location '../../media/packs/ogretestmap.zip' of type 'Zip' to resource group 'Popular'
15:45:39: Added resource location '../../media/packs/ogredance.zip' of type 'Zip' to resource group 'Popular'
15:45:39: Added resource location '../../media/packs/Sinbad.zip' of type 'Zip' to resource group 'Popular'
15:45:39: Added resource location '../../media/packs/skybox.zip' of type 'Zip' to resource group 'Popular'
15:45:40: CPU Identifier & Features
15:45:40: -------------------------
15:45:40:  *   CPU ID: GenuineIntel: Intel(R) Core(TM)2 Duo CPU     T8300  @ 2.40GHz
15:45:40:  *      SSE: yes
15:45:40:  *     SSE2: yes
15:45:40:  *     SSE3: yes
15:45:40:  *      MMX: yes
15:45:40:  *   MMXEXT: yes
15:45:40:  *    3DNOW: no
15:45:40:  * 3DNOWEXT: no
15:45:40:  *     CMOV: yes
15:45:40:  *      TSC: yes
15:45:40:  *      FPU: yes
15:45:40:  *      PRO: yes
15:45:40:  *       HT: no
15:45:40: -------------------------
15:45:40: *** Starting Win32GL Subsystem ***
15:45:40: GLRenderSystem::_createRenderWindow "TutorialApplication Render Window", 1024x768 windowed  miscParams: FSAA=0 FSAAHint= colourDepth=32 displayFrequency=0 gamma=false vsync=false vsyncInterval=1 
15:45:40: Created Win32Window 'TutorialApplication Render Window' : 1024x734, 32bpp
15:45:40: GL_VERSION = 2.0.0 - Build 7.15.10.4977
15:45:40: GL_VENDOR = Intel
15:45:40: GL_RENDERER = Intel 965/963 Graphics Media Accelerator
15:45:40: GL_EXTENSIONS = GL_EXT_blend_minmax GL_EXT_blend_subtract GL_EXT_blend_color GL_EXT_abgr GL_EXT_texture3D GL_EXT_clip_volume_hint GL_EXT_compiled_vertex_array GL_SGIS_texture_edge_clamp GL_SGIS_generate_mipmap GL_EXT_draw_range_elements GL_SGIS_texture_lod GL_EXT_rescale_normal GL_EXT_packed_pixels GL_EXT_separate_specular_color GL_ARB_multitexture GL_EXT_texture_env_combine GL_EXT_bgra GL_EXT_blend_func_separate GL_EXT_secondary_color GL_EXT_fog_coord GL_EXT_texture_env_add GL_ARB_texture_cube_map GL_ARB_transpose_matrix GL_ARB_texture_env_add GL_IBM_texture_mirrored_repeat GL_EXT_multi_draw_arrays GL_NV_blend_square GL_ARB_texture_compression GL_3DFX_texture_compression_FXT1 GL_EXT_texture_filter_anisotropic GL_ARB_texture_border_clamp GL_ARB_point_parameters GL_ARB_texture_env_combine GL_ARB_texture_env_dot3 GL_ARB_texture_env_crossbar GL_EXT_texture_compression_s3tc GL_ARB_shadow GL_ARB_window_pos GL_EXT_shadow_funcs GL_EXT_stencil_wrap GL_ARB_vertex_program GL_EXT_texture_rectangle GL_ARB_fragment_program GL_EXT_stencil_two_side GL_ATI_separate_stencil GL_ARB_vertex_buffer_object GL_EXT_texture_lod_bias GL_ARB_occlusion_query GL_ARB_fragment_shader GL_ARB_shader_objects GL_ARB_shading_language_100 GL_ARB_texture_non_power_of_two GL_ARB_vertex_shader GL_NV_texgen_reflection GL_ARB_point_sprite GL_EXT_blend_equation_separate GL_ARB_depth_texture GL_ARB_texture_rectangle GL_ARB_draw_buffers GL_ARB_pixel_buffer_object GL_WIN_swap_hint GL_EXT_framebuffer_object 
15:45:40: Supported WGL extensions: WGL_ARB_buffer_region WGL_ARB_extensions_string WGL_ARB_make_current_read WGL_ARB_pixel_format WGL_ARB_pbuffer WGL_EXT_extensions_string WGL_EXT_swap_control 
15:45:40: ***************************
15:45:40: *** GL Renderer Started ***
15:45:40: ***************************
15:45:40: Registering ResourceManager for type GpuProgram
15:45:40: GLSL support detected
15:45:40: GL: Using GL_EXT_framebuffer_object for rendering to textures (best)
15:45:40: FBO PF_UNKNOWN depth/stencil support: D0S1 D0S4 D0S8 D0S16 D16S0 D24S0 D32S0 
15:45:40: FBO PF_R8G8B8 depth/stencil support: D0S0 D0S1 
15:45:40: FBO PF_B8G8R8 depth/stencil support: D0S0 D0S1 
15:45:40: FBO PF_A8R8G8B8 depth/stencil support: D0S0 D0S1 
15:45:40: FBO PF_B8G8R8A8 depth/stencil support: D0S0 D0S1 
15:45:40: FBO PF_X8R8G8B8 depth/stencil support: D0S0 D0S1 
15:45:40: FBO PF_X8B8G8R8 depth/stencil support: D0S0 D0S1 
15:45:40: [GL] : Valid FBO targets PF_UNKNOWN PF_R8G8B8 PF_B8G8R8 PF_A8R8G8B8 PF_B8G8R8A8 PF_X8R8G8B8 PF_X8B8G8R8 
15:45:40: RenderSystem capabilities
15:45:40: -------------------------
15:45:40: RenderSystem Name: OpenGL Rendering Subsystem
15:45:40: GPU Vendor: intel
15:45:40: Device Name: Intel 965/963 Graphics Media Accelerator
15:45:40: Driver Version: 2.0.0.0
15:45:40:  * Fixed function pipeline: yes
15:45:40:  * Hardware generation of mipmaps: no
15:45:40:  * Texture blending: yes
15:45:40:  * Anisotropic texture filtering: yes
15:45:40:  * Dot product texture operation: yes
15:45:40:  * Cube mapping: yes
15:45:40:  * Hardware stencil buffer: yes
15:45:40:    - Stencil depth: 8
15:45:40:    - Two sided stencil support: yes
15:45:40:    - Wrap stencil values: yes
15:45:40:  * Hardware vertex / index buffers: yes
15:45:40:  * Vertex programs: yes
15:45:40:  * Number of floating-point constants for vertex programs: 300
15:45:40:  * Number of integer constants for vertex programs: 0
15:45:40:  * Number of boolean constants for vertex programs: 0
15:45:40:  * Fragment programs: yes
15:45:40:  * Number of floating-point constants for fragment programs: 32
15:45:40:  * Number of integer constants for fragment programs: 0
15:45:40:  * Number of boolean constants for fragment programs: 0
15:45:40:  * Geometry programs: no
15:45:40:  * Number of floating-point constants for geometry programs: 0
15:45:40:  * Number of integer constants for geometry programs: 0
15:45:40:  * Number of boolean constants for geometry programs: 0
15:45:40:  * Supported Shader Profiles: arbfp1 arbvp1 glsl
15:45:40:  * Texture Compression: yes
15:45:40:    - DXT: yes
15:45:40:    - VTC: no
15:45:40:    - PVRTC: no
15:45:40:  * Scissor Rectangle: yes
15:45:40:  * Hardware Occlusion Query: yes
15:45:40:  * User clip planes: yes
15:45:40:  * VET_UBYTE4 vertex element type: yes
15:45:40:  * Infinite far plane projection: yes
15:45:40:  * Hardware render-to-texture: yes
15:45:40:  * Floating point textures: no
15:45:40:  * Non-power-of-two textures: yes
15:45:40:  * Volume textures: yes
15:45:40:  * Multiple Render Targets: 7
15:45:40:    - With different bit depths: yes
15:45:40:  * Point Sprites: yes
15:45:40:  * Extended point parameters: yes
15:45:40:  * Max Point Size: 255
15:45:40:  * Vertex texture fetch: yes
15:45:40:  * Number of world matrices: 0
15:45:40:  * Number of texture units: 16
15:45:40:  * Stencil buffer depth: 8
15:45:40:  * Number of vertex blend matrices: 0
15:45:40:    - Max vertex textures: 16
15:45:40:    - Vertex textures shared: yes
15:45:40:  * Render to Vertex Buffer : no
15:45:40:  * GL 1.5 without VBO workaround: no
15:45:40:  * Frame Buffer objects: yes
15:45:40:  * Frame Buffer objects (ARB extension): no
15:45:40:  * Frame Buffer objects (ATI extension): no
15:45:40:  * PBuffer support: no
15:45:40:  * GL 1.5 without HW-occlusion workaround: no
15:45:40: Registering ResourceManager for type Texture
15:45:40: DefaultWorkQueue('Root') initialising on thread 00156368.
15:45:40: DefaultWorkQueue('Root')::WorkerFunc - thread 0B394A80 starting.
15:45:40: DefaultWorkQueue('Root')::WorkerFunc - thread 0B394B08 starting.
15:45:40: Particle Renderer Type 'billboard' registered
15:45:40: SceneManagerFactory for type 'BspSceneManager' registered.
15:45:40: Registering ResourceManager for type BspLevel
15:45:40: SceneManagerFactory for type 'PCZSceneManager' registered.
15:45:40: MovableObjectFactory for type 'PCZLight' registered.
15:45:40: MovableObjectFactory for type 'Portal' registered.
15:45:40: MovableObjectFactory for type 'AntiPortal' registered.
15:45:40: PCZone Factory Type 'ZoneType_Octree' registered
15:45:40: PCZone Factory Type 'ZoneType_Terrain' registered
15:45:40: SceneManagerFactory for type 'OctreeSceneManager' registered.
15:45:40: SceneManagerFactory for type 'TerrainSceneManager' registered.
15:45:40: Parsing scripts for resource group Autodetect
15:45:40: Finished parsing scripts for resource group Autodetect
15:45:40: Parsing scripts for resource group Essential
15:45:40: Parsing script SdkTrays.material
15:45:40: Parsing script SdkTrays.fontdef
15:45:40: Parsing script SdkTrays.overlay
15:45:40: Bad element attribute line: '# you can offset the image to change the cursor "hotspot"' for element SdkTrays/Cursor in overlay 
15:45:41: Texture: sdk_cursor.png: Loading 1 faces(PF_A8R8G8B8,32x32x1) with 5 generated mipmaps from Image. Internal format is PF_A8R8G8B8,32x32x1.
15:45:41: Texture: sdk_tray.png: Loading 1 faces(PF_A8R8G8B8,64x64x1) with 5 generated mipmaps from Image. Internal format is PF_A8R8G8B8,64x64x1.
15:45:41: Texture: sdk_button_up.png: Loading 1 faces(PF_A8R8G8B8,128x32x1) with 5 generated mipmaps from Image. Internal format is PF_A8R8G8B8,128x32x1.
15:45:41: Texture: sdk_text_box.png: Loading 1 faces(PF_A8R8G8B8,32x32x1) with 5 generated mipmaps from Image. Internal format is PF_A8R8G8B8,32x32x1.
15:45:41: Texture: sdk_mini_tray.png: Loading 1 faces(PF_A8R8G8B8,32x32x1) with 5 generated mipmaps from Image. Internal format is PF_A8R8G8B8,32x32x1.
15:45:41: Texture: sdk_track.png: Loading 1 faces(PF_A8R8G8B8,16x32x1) with 5 generated mipmaps from Image. Internal format is PF_A8R8G8B8,16x32x1.
15:45:41: Texture: sdk_handle.png: Loading 1 faces(PF_A8R8G8B8,16x16x1) with 4 generated mipmaps from Image. Internal format is PF_A8R8G8B8,16x16x1.
15:45:41: Texture: sdk_mini_text_box.png: Loading 1 faces(PF_A8R8G8B8,32x32x1) with 5 generated mipmaps from Image. Internal format is PF_A8R8G8B8,32x32x1.
15:45:41: Texture: sdk_label.png: Loading 1 faces(PF_A8R8G8B8,32x32x1) with 5 generated mipmaps from Image. Internal format is PF_A8R8G8B8,32x32x1.
15:45:41: Texture: sdk_separator.png: Loading 1 faces(PF_A8R8G8B8,64x16x1) with 5 generated mipmaps from Image. Internal format is PF_A8R8G8B8,64x16x1.
15:45:41: Texture: sdk_logo.png: Loading 1 faces(PF_A8R8G8B8,128x64x1) with 5 generated mipmaps from Image. Internal format is PF_A8R8G8B8,128x64x1.
15:45:41: Texture: sdk_shade.png: Loading 1 faces(PF_A8R8G8B8,64x48x1) with 5 generated mipmaps from Image. Internal format is PF_A8R8G8B8,64x48x1.
15:45:41: Texture: sdk_frame.png: Loading 1 faces(PF_A8R8G8B8,32x32x1) with 5 generated mipmaps from Image. Internal format is PF_A8R8G8B8,32x32x1.
15:45:41: Texture: sdk_mini_text_box_over.png: Loading 1 faces(PF_A8R8G8B8,32x32x1) with 5 generated mipmaps from Image. Internal format is PF_A8R8G8B8,32x32x1.
15:45:41: Texture: sdk_pulse.png: Loading 1 faces(PF_R8G8B8,8x1x1) with 3 generated mipmaps from Image. Internal format is PF_X8R8G8B8,8x1x1.
15:45:41: Finished parsing scripts for resource group Essential
15:45:41: Parsing scripts for resource group General
15:45:41: Finished parsing scripts for resource group General
15:45:41: Parsing scripts for resource group Internal
15:45:41: Finished parsing scripts for resource group Internal
15:45:41: Parsing scripts for resource group Popular
15:45:41: Parsing script Examples.program
15:45:41: GLSL compiled : Ogre/BasicVertexPrograms/AmbientOneTextureGLSLNo errors.
15:45:41: GLSL compiled : Ogre/HardwareSkinningTwoWeightsGLSLNo errors.
15:45:41: OGRE EXCEPTION(2:InvalidParametersException): Parameter called ambient does not exist.  in GpuProgramParameters::_findNamedConstantDefinition at ..\..\..\..\OgreMain\src\OgreGpuProgramParams.cpp (line 1433)
15:45:41: Compiler error: invalid parameters in Examples.program(130): setting of constant failed
15:45:41: Parsing script StdQuad_vp.program
15:45:41: Parsing script deferred_post.program
15:45:41: Parsing script ShadowCaster.program
15:45:41: Parsing script ASCII.material
15:45:41: Parsing script ASMSwizzle.material
15:45:41: Compiler error: object unsupported by render system in ASMSwizzle.material(1)
15:45:41: Parsing script BlackAndWhite.material
15:45:41: Parsing script Bloom.material
15:45:41: GLSL compiled : Blur_ps_glslNo errors.
15:45:41: GLSL compiled : Blur0_vs_glslNo errors.
15:45:41: GLSL compiled : Blur1_vs_glslNo errors.
15:45:41: Parsing script Bloom2.material
15:45:41: GLSL compiled : Bloom2_ps20_glslNo errors.
15:45:41: Parsing script CGSwizzle.material
15:45:41: Parsing script CompositorDemo.material
15:45:41: Parsing script DepthShadowmap.material
15:45:41: GLSL compiled : Ogre/DepthShadowmap/CasterVP_GLSLNo errors.
15:45:41: GLSL compiled : Ogre/DepthShadowmap/CasterFP_GLSLNo errors.
15:45:41: GLSL compiled : Ogre/DepthShadowmap/ReceiverVP_GLSLNo errors.
15:45:41: GLSL compiled : Ogre/DepthShadowmap/ReceiverFP_GLSLNo errors.
15:45:41: GLSL compiled : Ogre/DepthShadowmap/ReceiverFPPCF_GLSLNo errors.
15:45:41: GLSL compiled : Ogre/DepthShadowmap/NormalMapReceiverVP_GLSLNo errors.
15:45:41: GLSL compiled : Ogre/DepthShadowmap/NormalMapReceiverFP_GLSLNo errors.
15:45:41: GLSL compiled : Ogre/DepthShadowmap/NormalMapReceiverFPPCF_GLSLNo errors.
15:45:41: Parsing script Dither.material
15:45:41: Parsing script DOF.material
15:45:41: Parsing script Embossed.material
15:45:41: Parsing script Example-Water.material
15:45:41: Parsing script Examples-Advanced.material
15:45:41: Compiler error: object unsupported by render system in Examples-Advanced.material(383)
15:45:41: Parsing script Examples-DynTex.material
15:45:41: Parsing script Examples-Water.material
15:45:41: Parsing script Examples.material
15:45:41: OGRE EXCEPTION(2:InvalidParametersException): Parameter called camObjPos does not exist.  in GpuProgramParameters::_findNamedConstantDefinition at ..\..\..\..\OgreMain\src\OgreGpuProgramParams.cpp (line 1433)
15:45:41: Compiler error: invalid parameters in Examples.material(837): setting of constant failed
15:45:42: GLSL compiled : Ogre/HardwareSkinningTwoWeightsShadowCasterGLSLNo errors.
15:45:42: Parsing script facial.material
15:45:42: Parsing script Glass.material
15:45:42: Parsing script GLSLSwizzle.material
15:45:42: GLSL compiled : Ogre/GPTest/Passthrough_VP_GLSLNo errors.
15:45:42: Parsing script Halftone.material
15:45:42: Parsing script hdr.material
15:45:42: GLSL compiled : Ogre/Compositor/HDR/downscale2x2LuminenceGLSL_fpNo errors.
15:45:42: GLSL compiled : Ogre/Compositor/StdQuad_GLSL_vpNo errors.
15:45:42: GLSL compiled : Ogre/Compositor/HDR/downscale3x3GLSL_fpNo errors.
15:45:42: GLSL compiled : Ogre/Compositor/HDR/utils_fpNo errors.
15:45:42: GLSL compiled : Ogre/Compositor/HDR/downscale3x3brightpassGLSL_fpNo errors.
15:45:42: GLSL compiled : Ogre/Compositor/HDR/bloomGLSL_fpNo errors.
15:45:42: GLSL compiled : Ogre/Compositor/HDR/utils_fpNo errors.
15:45:42: GLSL compiled : Ogre/Compositor/HDR/finaltonemappingGLSL_fpNo errors.
15:45:42: Parsing script HeatVision.material
15:45:42: Parsing script Hurt.material
15:45:42: Parsing script instancing.material
15:45:42: GLSL compiled : InstancingGLSLNo errors.
15:45:42: GLSL compiled : InstancingShadowCasterGLSLNo errors.
15:45:42: GLSL compiled : CrowdGLSLNo errors.
15:45:42: GLSL compiled : CrowdShadowCasterGLSLNo errors.
15:45:42: Parsing script Invert.material
15:45:42: Parsing script IsoSurf.material
15:45:42: Parsing script Laplace.material
15:45:42: Parsing script MotionBlur.material
15:45:42: Parsing script MRTtest.material
15:45:42: GLSL compiled : Ogre/MRTtest/scenefp/GLSLNo errors.
15:45:42: GLSL compiled : Ogre/MRTtest/quadfp/GLSLNo errors.
15:45:42: Parsing script NightVision.material
15:45:42: Parsing script Ocean.material
15:45:42: GLSL compiled : GLSL/OceanVSNo errors.
15:45:42: GLSL compiled : GLSL/OceanFSNo errors.
15:45:42: GLSL compiled : GLSL/Ocean2VSNo errors.
15:45:42: GLSL compiled : GLSL/Ocean2FSNo errors.
15:45:42: Parsing script OffsetMapping.material
15:45:42: Compiler error: object unsupported by render system in OffsetMapping.material(18)
15:45:42: GLSL compiled : Examples/OffsetMappingIntegratedShadowsFPglslNo errors.
15:45:42: GLSL compiled : Examples/OffsetMappingIntegratedShadowsVPglslNo errors.
15:45:42: Parsing script Ogre.material
15:45:42: Parsing script OldMovie.material
15:45:42: Parsing script OldTV.material
15:45:42: Parsing script ParticleGS.material
15:45:42: Parsing script Penguin.material
15:45:42: Parsing script Posterize.material
15:45:42: Parsing script pssm.material
15:45:42: Parsing script RadialBlur.material
15:45:42: Parsing script RZR-002.material
15:45:42: Parsing script ShaderSystem.material
15:45:42: Parsing script shadows.material
15:45:42: Parsing script SharpenEdges.material
15:45:42: Parsing script sibenik.material
15:45:42: Parsing script smoke.material
15:45:42: Parsing script Tiling.material
15:45:42: Parsing script VarianceShadowmap.material
15:45:42: Parsing script deferreddemo.material
15:45:42: Parsing script deferred_post.material
15:45:42: Parsing script deferred_post_minilight.material
15:45:42: Parsing script ShadowCaster.material
15:45:42: Parsing script ssao.material
15:45:42: Parsing script ROOM.material
15:45:42: Parsing script RTShaderSystem.material
15:45:42: Compiler error: unknown error in RTShaderSystem.material(23): token "rtshader_system" is not recognized
15:45:42: Compiler error: unknown error in RTShaderSystem.material(52): token "rtshader_system" is not recognized
15:45:42: Compiler error: unknown error in RTShaderSystem.material(81): token "rtshader_system" is not recognized
15:45:42: Compiler error: unknown error in RTShaderSystem.material(110): token "rtshader_system" is not recognized
15:45:42: Compiler error: unknown error in RTShaderSystem.material(146): token "rtshader_system" is not recognized
15:45:42: Compiler error: unknown error in RTShaderSystem.material(81): token "rtshader_system" is not recognized
15:45:42: Compiler error: unknown error in RTShaderSystem.material(162): token "rtshader_system" is not recognized
15:45:42: Compiler error: unknown error in RTShaderSystem.material(81): token "rtshader_system" is not recognized
15:45:42: Compiler error: unknown error in RTShaderSystem.material(110): token "rtshader_system" is not recognized
15:45:42: Parsing script RomanBath.material
15:45:42: Parsing script Sinbad.material
15:45:42: Parsing script emitted_emitter.particle
15:45:42: Parsing script Examples-Water.particle
15:45:42: Parsing script Examples.particle
15:45:42: Parsing script smoke.particle
15:45:42: Parsing script Examples.compositor
15:45:42: Parsing script deferred.compositor
15:45:42: Parsing script ssao.compositor
15:45:42: Parsing script sample.fontdef
15:45:42: Finished parsing scripts for resource group Popular
15:45:42: Mesh: Loading robot.mesh.
15:45:42: Skeleton: Loading robot.skeleton
15:45:42: Texture: r2skin.jpg: Loading 1 faces(PF_R8G8B8,512x512x1) with 5 generated mipmaps from Image. Internal format is PF_X8R8G8B8,512x512x1.
15:45:42: Mesh: Loading sphere.mesh.
15:45:42: *** Initializing OIS ***
15:45:42: Texture: spot_shadow_fade.png: Loading 1 faces(PF_R8G8B8,128x128x1) with 5 generated mipmaps from Image. Internal format is PF_X8R8G8B8,128x128x1.
15:45:42: Font SdkTrays/Captionusing texture size 512x256
15:45:42: Info: Freetype returned null for character 160 in font SdkTrays/Caption
15:45:42: Texture: SdkTrays/CaptionTexture: Loading 1 faces(PF_BYTE_LA,512x256x1) with 0 generated mipmaps from Image. Internal format is PF_BYTE_LA,512x256x1.
15:45:42: Font SdkTrays/Valueusing texture size 512x512
15:45:42: Info: Freetype returned null for character 127 in font SdkTrays/Value
15:45:42: Info: Freetype returned null for character 128 in font SdkTrays/Value
15:45:42: Info: Freetype returned null for character 129 in font SdkTrays/Value
15:45:42: Info: Freetype returned null for character 130 in font SdkTrays/Value
15:45:42: Info: Freetype returned null for character 131 in font SdkTrays/Value
15:45:42: Info: Freetype returned null for character 132 in font SdkTrays/Value
15:45:42: Info: Freetype returned null for character 133 in font SdkTrays/Value
15:45:42: Info: Freetype returned null for character 134 in font SdkTrays/Value
15:45:42: Info: Freetype returned null for character 135 in font SdkTrays/Value
15:45:42: Info: Freetype returned null for character 136 in font SdkTrays/Value
15:45:42: Info: Freetype returned null for character 137 in font SdkTrays/Value
15:45:42: Info: Freetype returned null for character 138 in font SdkTrays/Value
15:45:42: Info: Freetype returned null for character 139 in font SdkTrays/Value
15:45:42: Info: Freetype returned null for character 140 in font SdkTrays/Value
15:45:42: Info: Freetype returned null for character 141 in font SdkTrays/Value
15:45:42: Info: Freetype returned null for character 142 in font SdkTrays/Value
15:45:42: Info: Freetype returned null for character 143 in font SdkTrays/Value
15:45:42: Info: Freetype returned null for character 144 in font SdkTrays/Value
15:45:42: Info: Freetype returned null for character 145 in font SdkTrays/Value
15:45:42: Info: Freetype returned null for character 146 in font SdkTrays/Value
15:45:42: Info: Freetype returned null for character 147 in font SdkTrays/Value
15:45:42: Info: Freetype returned null for character 148 in font SdkTrays/Value
15:45:42: Info: Freetype returned null for character 149 in font SdkTrays/Value
15:45:42: Info: Freetype returned null for character 150 in font SdkTrays/Value
15:45:42: Info: Freetype returned null for character 151 in font SdkTrays/Value
15:45:42: Info: Freetype returned null for character 152 in font SdkTrays/Value
15:45:42: Info: Freetype returned null for character 153 in font SdkTrays/Value
15:45:42: Info: Freetype returned null for character 154 in font SdkTrays/Value
15:45:42: Info: Freetype returned null for character 155 in font SdkTrays/Value
15:45:42: Info: Freetype returned null for character 156 in font SdkTrays/Value
15:45:42: Info: Freetype returned null for character 157 in font SdkTrays/Value
15:45:42: Info: Freetype returned null for character 158 in font SdkTrays/Value
15:45:42: Info: Freetype returned null for character 159 in font SdkTrays/Value
15:45:42: Info: Freetype returned null for character 160 in font SdkTrays/Value
15:45:42: Texture: SdkTrays/ValueTexture: Loading 1 faces(PF_BYTE_LA,512x512x1) with 0 generated mipmaps from Image. Internal format is PF_BYTE_LA,512x512x1.
15:45:47: DefaultWorkQueue('Root') shutting down on thread 00156368.
15:45:47: DefaultWorkQueue('Root')::WorkerFunc - thread 0B394B08 stopped.
15:45:47: DefaultWorkQueue('Root')::WorkerFunc - thread 0B394A80 stopped.
15:45:47: PCZone Factory Type 'ZoneType_Octree' unregistered
15:45:47: PCZone Factory Type 'ZoneType_Terrain' unregistered
15:45:47: Unregistering ResourceManager for type BspLevel
15:45:47: *-*-* OGRE Shutdown
15:45:47: Unregistering ResourceManager for type Compositor
15:45:47: Unregistering ResourceManager for type Font
15:45:47: Unregistering ResourceManager for type Skeleton
15:45:47: Unregistering ResourceManager for type Mesh
15:45:47: Unregistering ResourceManager for type HighLevelGpuProgram
15:45:47: Uninstalling plugin: Octree & Terrain Scene Manager
15:45:47: Plugin successfully uninstalled
15:45:47: Unloading library .\Plugin_OctreeSceneManager
15:45:47: Uninstalling plugin: Octree Zone Factory
15:45:47: Plugin successfully uninstalled
15:45:47: Unloading library .\Plugin_OctreeZone
15:45:47: Uninstalling plugin: Portal Connected Zone Scene Manager
15:45:47: Plugin successfully uninstalled
15:45:47: Unloading library .\Plugin_PCZSceneManager
15:45:47: Uninstalling plugin: Cg Program Manager
15:45:47: Plugin successfully uninstalled
15:45:47: Unloading library .\Plugin_CgProgramManager
15:45:47: Uninstalling plugin: BSP Scene Manager
15:45:47: Plugin successfully uninstalled
15:45:47: Unloading library .\Plugin_BSPSceneManager
15:45:47: Uninstalling plugin: ParticleFX
15:45:47: Plugin successfully uninstalled
15:45:47: Unloading library .\Plugin_ParticleFX
15:45:47: Uninstalling plugin: GL RenderSystem
15:45:47: Unregistering ResourceManager for type GpuProgram
15:45:47: *** Stopping Win32GL Subsystem ***
15:45:47: Unregistering ResourceManager for type Texture
15:45:47: Plugin successfully uninstalled
15:45:47: Unloading library .\RenderSystem_GL
15:45:47: Unregistering ResourceManager for type Material
